TN:
SF:postcss.config.js
FN:1,(empty-report)
FNF:1
FNH:0
FNDA:0,(empty-report)
DA:1,0
DA:2,0
DA:3,0
DA:4,0
DA:5,0
DA:6,0
LF:6
LH:0
BRDA:1,0,0,0
BRF:1
BRH:0
end_of_record
TN:
SF:tailwind.config.js
FN:1,(empty-report)
FNF:1
FNH:0
FNDA:0,(empty-report)
DA:1,0
DA:2,0
DA:3,0
DA:4,0
DA:5,0
DA:6,0
DA:7,0
DA:8,0
DA:9,0
DA:10,0
DA:11,0
DA:12,0
LF:12
LH:0
BRDA:1,0,0,0
BRF:1
BRH:0
end_of_record
TN:
SF:vue.config.js
FN:1,(empty-report)
FNF:1
FNH:0
FNDA:0,(empty-report)
DA:1,0
DA:2,0
DA:3,0
DA:4,0
DA:5,0
DA:6,0
DA:7,0
DA:8,0
DA:9,0
DA:10,0
DA:11,0
DA:12,0
DA:13,0
DA:14,0
DA:15,0
DA:16,0
DA:17,0
DA:18,0
DA:19,0
DA:20,0
DA:21,0
DA:22,0
DA:23,0
DA:24,0
DA:25,0
DA:26,0
LF:26
LH:0
BRDA:1,0,0,0
BRF:1
BRH:0
end_of_record
TN:
SF:src\App.vue
FN:1,(empty-report)
FNF:1
FNH:0
FNDA:0,(empty-report)
DA:1,0
DA:2,0
DA:3,0
DA:4,0
DA:5,0
DA:6,0
DA:7,0
DA:8,0
DA:9,0
DA:10,0
DA:11,0
DA:12,0
DA:13,0
DA:14,0
DA:15,0
DA:16,0
DA:17,0
DA:18,0
DA:19,0
DA:20,0
LF:20
LH:0
BRDA:1,0,0,0
BRF:1
BRH:0
end_of_record
TN:
SF:src\main.js
FN:1,(empty-report)
FNF:1
FNH:0
FNDA:0,(empty-report)
DA:1,0
DA:2,0
DA:3,0
DA:4,0
DA:5,0
DA:6,0
DA:7,0
DA:8,0
DA:9,0
DA:10,0
DA:11,0
DA:12,0
DA:13,0
DA:14,0
LF:14
LH:0
BRDA:1,0,0,0
BRF:1
BRH:0
end_of_record
TN:
SF:src\components\AlertMessage.vue
FN:54,setup
FN:85,closeAlert
FN:91,immediate
FN:21,onClick._cache.<computed>._cache.<computed>
FNF:4
FNH:2
FNDA:2,setup
FNDA:0,closeAlert
FNDA:2,immediate
FNDA:0,onClick._cache.<computed>._cache.<computed>
DA:2,1
DA:3,1
DA:4,1
DA:5,1
DA:6,1
DA:7,1
DA:9,1
DA:10,1
DA:11,1
DA:12,1
DA:13,1
DA:14,1
DA:15,1
DA:16,1
DA:17,1
DA:18,1
DA:19,1
DA:20,1
DA:21,1
DA:22,1
DA:23,1
DA:24,1
DA:25,1
DA:26,1
DA:27,1
DA:28,1
DA:32,1
DA:34,1
DA:35,1
DA:36,1
DA:37,1
DA:38,1
DA:39,1
DA:40,1
DA:41,1
DA:42,1
DA:43,1
DA:44,1
DA:45,1
DA:46,1
DA:47,1
DA:48,1
DA:49,1
DA:50,1
DA:51,1
DA:52,1
DA:53,1
DA:54,1
DA:55,2
DA:57,2
DA:58,0
DA:59,0
DA:60,0
DA:61,0
DA:62,0
DA:63,0
DA:64,0
DA:65,0
DA:66,0
DA:67,0
DA:68,2
DA:70,2
DA:71,0
DA:72,0
DA:73,0
DA:74,0
DA:75,0
DA:76,0
DA:77,0
DA:78,0
DA:79,0
DA:80,0
DA:81,2
DA:83,2
DA:85,2
DA:86,0
DA:87,0
DA:88,2
DA:90,2
DA:91,2
DA:92,2
DA:93,0
DA:94,0
DA:95,0
DA:96,0
DA:97,0
DA:98,0
DA:99,2
DA:100,2
DA:101,2
DA:102,2
DA:103,2
DA:105,2
DA:106,2
DA:107,2
DA:108,2
DA:109,2
DA:110,2
DA:111,1
DA:112,1
LF:100
LH:72
BRDA:54,0,0,2
BRDA:91,1,0,2
BRDA:91,2,0,2
BRDA:92,3,0,0
BRDA:92,4,0,0
BRF:5
BRH:3
end_of_record
TN:
SF:src\components\ApiDataComponent.vue
FN:17,data
FN:24,created
FN:28,fetchData
FNF:3
FNH:3
FNDA:1,data
FNDA:1,created
FNDA:1,fetchData
DA:2,1
DA:3,1
DA:4,1
DA:5,1
DA:6,1
DA:7,1
DA:8,1
DA:9,1
DA:13,1
DA:15,1
DA:16,1
DA:17,1
DA:18,1
DA:19,1
DA:20,1
DA:21,1
DA:22,1
DA:23,1
DA:24,1
DA:25,1
DA:26,1
DA:27,1
DA:28,1
DA:29,1
DA:30,1
DA:31,1
DA:32,1
DA:33,1
DA:35,1
DA:36,1
DA:38,0
DA:39,0
DA:40,0
DA:41,0
DA:42,0
DA:43,0
DA:44,0
DA:45,1
DA:46,1
DA:47,1
LF:40
LH:33
BRDA:17,0,0,1
BRDA:24,1,0,1
BRDA:28,2,0,1
BRDA:36,3,0,0
BRDA:5,4,0,0
BRF:5
BRH:3
end_of_record
TN:
SF:src\components\BaseInput.vue
FN:92,setup
FN:101,togglePasswordVisibility
FN:14,onInput._cache.<computed>._cache.<computed>
FN:19,onClick._cache.<computed>._cache.<computed>
FNF:4
FNH:2
FNDA:25,setup
FNDA:0,togglePasswordVisibility
FNDA:15,onInput._cache.<computed>._cache.<computed>
FNDA:0,onClick._cache.<computed>._cache.<computed>
DA:2,1
DA:3,1
DA:4,43
DA:5,1
DA:6,1
DA:7,1
DA:8,1
DA:9,1
DA:10,1
DA:11,1
DA:12,1
DA:13,1
DA:14,1
DA:15,1
DA:16,1
DA:17,1
DA:18,1
DA:19,1
DA:20,1
DA:21,1
DA:22,1
DA:23,1
DA:24,1
DA:25,1
DA:26,1
DA:27,1
DA:28,1
DA:29,1
DA:30,1
DA:31,4
DA:32,1
DA:33,1
DA:37,1
DA:39,1
DA:40,1
DA:41,1
DA:42,1
DA:43,1
DA:44,1
DA:45,1
DA:46,1
DA:47,1
DA:48,1
DA:49,1
DA:50,1
DA:51,1
DA:52,1
DA:53,1
DA:54,1
DA:55,1
DA:56,1
DA:57,1
DA:58,1
DA:59,1
DA:60,1
DA:61,1
DA:62,1
DA:63,1
DA:64,1
DA:65,1
DA:66,1
DA:67,1
DA:68,1
DA:69,1
DA:70,1
DA:71,1
DA:72,1
DA:73,1
DA:74,1
DA:75,1
DA:76,1
DA:77,1
DA:78,1
DA:79,1
DA:80,1
DA:81,1
DA:82,1
DA:83,1
DA:84,1
DA:85,1
DA:86,1
DA:87,1
DA:88,1
DA:89,1
DA:90,1
DA:91,1
DA:92,1
DA:93,25
DA:94,25
DA:96,25
DA:97,25
DA:98,25
DA:99,25
DA:101,25
DA:102,0
DA:103,25
DA:105,25
DA:106,25
DA:107,25
DA:108,25
DA:109,25
DA:110,1
DA:111,1
LF:103
LH:102
BRDA:92,0,0,25
BRDA:97,1,0,25
BRDA:98,2,0,10
BRDA:98,3,0,15
BRDA:3,4,0,43
BRDA:14,5,0,25
BRDA:19,6,0,10
BRDA:30,7,0,4
BRDA:14,8,0,15
BRF:9
BRH:9
end_of_record
TN:
SF:src\components\HelloWorld.vue
FNF:0
FNH:0
DA:2,1
DA:3,1
DA:30,1
DA:34,1
DA:35,1
DA:36,1
DA:37,1
DA:38,1
DA:39,1
LF:9
LH:9
BRF:0
BRH:0
end_of_record
TN:
SF:src\router\index.js
FNF:0
FNH:0
DA:1,1
DA:2,1
DA:3,1
DA:4,1
DA:5,1
DA:6,1
DA:7,1
DA:8,1
DA:9,1
DA:10,1
DA:11,1
DA:12,1
DA:13,1
DA:14,1
DA:15,1
DA:16,1
DA:17,1
DA:18,1
DA:19,1
DA:20,1
DA:21,1
DA:22,1
DA:23,1
DA:24,1
DA:25,1
DA:26,1
LF:26
LH:26
BRF:0
BRH:0
end_of_record
TN:
SF:src\stores\auth.js
FN:31,login
FN:81,sendOtpFirebase
FN:90,expired-callback
FN:107,verifyOtpAndLoginWithFirebase
FN:151,register
FN:193,logout
FN:201,checkAuth
FNF:7
FNH:6
FNDA:3,login
FNDA:3,sendOtpFirebase
FNDA:0,expired-callback
FNDA:2,verifyOtpAndLoginWithFirebase
FNDA:1,register
FNDA:1,logout
FNDA:2,checkAuth
DA:1,1
DA:2,1
DA:3,1
DA:4,1
DA:5,1
DA:6,1
DA:7,1
DA:8,11
DA:9,11
DA:10,11
DA:11,11
DA:12,11
DA:13,11
DA:14,11
DA:15,11
DA:16,11
DA:17,11
DA:18,11
DA:19,11
DA:20,11
DA:21,11
DA:22,11
DA:23,11
DA:24,11
DA:25,11
DA:26,11
DA:27,11
DA:28,11
DA:29,11
DA:30,11
DA:31,11
DA:32,3
DA:33,3
DA:34,3
DA:35,3
DA:36,3
DA:37,3
DA:38,3
DA:39,3
DA:40,3
DA:41,3
DA:42,3
DA:43,3
DA:44,3
DA:45,3
DA:46,3
DA:47,3
DA:48,2
DA:49,1
DA:50,1
DA:51,1
DA:52,1
DA:53,1
DA:54,1
DA:55,1
DA:56,1
DA:57,1
DA:58,1
DA:59,1
DA:60,1
DA:61,1
DA:62,1
DA:63,1
DA:64,1
DA:65,1
DA:66,1
DA:67,1
DA:68,0
DA:69,0
DA:70,3
DA:71,1
DA:72,1
DA:73,3
DA:74,0
DA:75,0
DA:76,3
DA:77,3
DA:78,3
DA:79,11
DA:80,11
DA:81,11
DA:82,3
DA:83,3
DA:84,1
DA:85,1
DA:86,1
DA:87,2
DA:88,2
DA:89,2
DA:90,2
DA:91,2
DA:92,2
DA:93,2
DA:94,2
DA:95,2
DA:96,3
DA:97,0
DA:98,0
DA:99,0
DA:100,0
DA:101,0
DA:102,3
DA:103,2
DA:104,2
DA:105,11
DA:106,11
DA:107,11
DA:108,2
DA:109,2
DA:110,1
DA:111,1
DA:112,1
DA:113,1
DA:114,1
DA:115,1
DA:116,1
DA:117,1
DA:118,1
DA:119,1
DA:120,1
DA:121,1
DA:122,1
DA:123,1
DA:124,1
DA:125,1
DA:126,1
DA:127,2
DA:128,1
DA:129,1
DA:130,1
DA:131,1
DA:132,1
DA:133,1
DA:134,1
DA:135,1
DA:136,1
DA:137,2
DA:138,0
DA:139,0
DA:140,2
DA:141,0
DA:142,0
DA:143,0
DA:144,0
DA:145,0
DA:146,2
DA:147,1
DA:148,1
DA:149,11
DA:150,11
DA:151,11
DA:152,1
DA:153,1
DA:154,1
DA:155,1
DA:156,1
DA:157,1
DA:158,1
DA:159,1
DA:160,1
DA:161,1
DA:162,1
DA:163,1
DA:164,1
DA:165,1
DA:166,1
DA:167,1
DA:168,1
DA:169,1
DA:170,1
DA:171,1
DA:172,1
DA:173,1
DA:174,1
DA:175,1
DA:176,0
DA:177,0
DA:178,0
DA:179,0
DA:180,0
DA:181,1
DA:182,0
DA:183,0
DA:184,0
DA:185,0
DA:186,0
DA:187,0
DA:188,1
DA:189,1
DA:190,1
DA:191,11
DA:192,11
DA:193,11
DA:194,1
DA:195,1
DA:196,1
DA:197,1
DA:198,1
DA:199,11
DA:200,11
DA:201,11
DA:202,2
DA:203,2
DA:204,1
DA:205,1
DA:206,1
DA:207,1
DA:208,1
DA:209,11
DA:210,11
DA:211,11
DA:212,11
DA:213,11
DA:214,11
DA:215,11
DA:216,11
DA:217,11
DA:218,11
DA:219,11
DA:220,11
DA:221,11
DA:222,11
DA:223,11
DA:224,1
LF:224
LH:197
BRDA:7,0,0,11
BRDA:12,1,0,0
BRDA:31,2,0,3
BRDA:47,3,0,2
BRDA:48,4,0,1
BRDA:59,5,0,0
BRDA:67,6,0,0
BRDA:70,7,0,1
BRDA:71,8,0,0
BRDA:73,9,0,0
BRDA:81,10,0,3
BRDA:83,11,0,1
BRDA:86,12,0,2
BRDA:96,13,0,0
BRDA:102,14,0,2
BRDA:107,15,0,2
BRDA:109,16,0,1
BRDA:127,17,0,1
BRDA:137,18,0,0
BRDA:140,19,0,0
BRDA:146,20,0,1
BRDA:151,21,0,1
BRDA:173,22,0,0
BRDA:175,23,0,0
BRDA:181,24,0,0
BRDA:193,25,0,1
BRDA:201,26,0,2
BRDA:203,27,0,1
BRF:28
BRH:17
end_of_record
TN:
SF:src\views\Dashboard\index.vue
FN:122,setup
FN:127,handleLogout
FN:133,fetchUserName
FN:12,onClick._cache.<computed>._cache.<computed>
FNF:4
FNH:4
FNDA:3,setup
FNDA:1,handleLogout
FNDA:3,fetchUserName
FNDA:1,onClick._cache.<computed>._cache.<computed>
DA:2,1
DA:3,1
DA:4,1
DA:5,1
DA:6,1
DA:7,1
DA:8,1
DA:9,1
DA:10,1
DA:11,1
DA:12,1
DA:14,1
DA:15,1
DA:16,1
DA:18,1
DA:19,1
DA:20,1
DA:22,1
DA:23,1
DA:24,1
DA:25,1
DA:27,1
DA:38,1
DA:66,1
DA:98,1
DA:99,1
DA:103,1
DA:104,1
DA:105,1
DA:106,1
DA:108,1
DA:109,1
DA:110,1
DA:111,1
DA:112,1
DA:113,1
DA:114,1
DA:115,1
DA:116,1
DA:117,1
DA:118,1
DA:120,1
DA:121,1
DA:122,1
DA:123,3
DA:124,3
DA:126,3
DA:127,3
DA:128,1
DA:129,1
DA:130,3
DA:132,3
DA:133,3
DA:134,3
DA:136,3
DA:137,3
DA:138,3
DA:139,3
DA:140,3
DA:141,3
DA:142,0
DA:143,0
DA:144,3
DA:146,3
DA:147,3
DA:148,3
DA:149,3
DA:151,3
DA:152,3
DA:153,3
DA:154,3
DA:155,3
DA:156,3
DA:157,1
LF:74
LH:72
BRDA:122,0,0,3
BRDA:127,1,0,1
BRDA:133,2,0,3
BRDA:141,3,0,0
BRDA:147,4,0,3
BRDA:9,5,0,3
BRDA:10,6,0,3
BRDA:11,7,0,3
BRDA:12,8,0,3
BRDA:12,9,0,1
BRF:10
BRH:9
end_of_record
TN:
SF:src\views\Login\LoginPage.vue
FN:113,setup
FN:121,handleLogin
FN:39,onUpdate:modelValue._cache.<computed>._cache.<computed>
FN:49,onUpdate:modelValue._cache.<computed>._cache.<computed>
FNF:4
FNH:4
FNDA:9,setup
FNDA:7,handleLogin
FNDA:6,onUpdate:modelValue._cache.<computed>._cache.<computed>
FNDA:6,onUpdate:modelValue._cache.<computed>._cache.<computed>
DA:2,1
DA:3,1
DA:4,1
DA:5,1
DA:6,1
DA:7,1
DA:10,1
DA:11,1
DA:12,1
DA:13,1
DA:14,1
DA:15,1
DA:17,1
DA:18,1
DA:20,1
DA:21,1
DA:22,1
DA:24,1
DA:26,9
DA:28,1
DA:29,1
DA:30,1
DA:32,1
DA:33,1
DA:34,1
DA:35,1
DA:36,1
DA:37,1
DA:38,1
DA:39,1
DA:40,1
DA:41,1
DA:43,1
DA:44,1
DA:45,1
DA:46,1
DA:47,1
DA:48,1
DA:49,1
DA:50,1
DA:51,1
DA:52,1
DA:54,1
DA:55,1
DA:56,1
DA:57,1
DA:58,1
DA:59,1
DA:60,1
DA:61,1
DA:62,1
DA:64,1
DA:65,1
DA:66,1
DA:67,1
DA:69,1
DA:70,1
DA:71,1
DA:73,1
DA:74,1
DA:75,1
DA:76,1
DA:77,1
DA:78,1
DA:79,1
DA:81,1
DA:82,1
DA:83,1
DA:84,1
DA:85,1
DA:86,1
DA:88,1
DA:89,1
DA:90,1
DA:91,1
DA:93,1
DA:95,1
DA:97,1
DA:98,1
DA:99,1
DA:100,1
DA:104,1
DA:105,1
DA:106,1
DA:108,1
DA:109,1
DA:110,1
DA:111,1
DA:112,1
DA:113,1
DA:114,9
DA:116,9
DA:117,9
DA:118,9
DA:119,9
DA:121,9
DA:122,7
DA:124,7
DA:126,7
DA:127,2
DA:128,2
DA:129,2
DA:131,7
DA:132,1
DA:133,1
DA:134,1
DA:136,7
DA:137,1
DA:138,1
DA:139,1
DA:141,3
DA:143,3
DA:144,3
DA:145,7
DA:146,0
DA:147,0
DA:148,7
DA:149,3
DA:150,3
DA:152,9
DA:154,9
DA:155,9
DA:156,9
DA:157,9
DA:158,9
DA:159,9
DA:160,9
DA:161,9
DA:162,1
LF:129
LH:127
BRDA:113,0,0,9
BRDA:121,1,0,7
BRDA:126,2,0,5
BRDA:126,3,0,2
BRDA:129,4,0,5
BRDA:131,5,0,1
BRDA:134,6,0,4
BRDA:136,7,0,1
BRDA:139,8,0,3
BRDA:145,9,0,0
BRDA:148,10,0,3
BRDA:24,11,0,9
BRDA:29,12,0,4
BRDA:32,13,0,9
BRDA:39,14,0,9
BRDA:49,15,0,9
BRDA:94,16,0,1
BRDA:32,17,0,7
BRDA:39,18,0,6
BRDA:49,19,0,6
BRF:20
BRH:19
end_of_record
TN:
SF:src\views\Register\index.vue
FN:108,displayAlert
FN:115,resetAlertState
FN:164,handleRegister
FN:29,onUpdate:isVisible._cache.<computed>._cache.<computed>
FN:33,onUpdate:modelValue._cache.<computed>._cache.<computed>
FN:34,onUpdate:modelValue._cache.<computed>._cache.<computed>
FN:35,onUpdate:modelValue._cache.<computed>._cache.<computed>
FN:36,onUpdate:modelValue._cache.<computed>._cache.<computed>
FN:39,onUpdate:modelValue._cache.<computed>._cache.<computed>
FN:44,onUpdate:modelValue._cache.<computed>._cache.<computed>
FNF:10
FNH:5
FNDA:0,displayAlert
FNDA:1,resetAlertState
FNDA:1,handleRegister
FNDA:0,onUpdate:isVisible._cache.<computed>._cache.<computed>
FNDA:1,onUpdate:modelValue._cache.<computed>._cache.<computed>
FNDA:1,onUpdate:modelValue._cache.<computed>._cache.<computed>
FNDA:1,onUpdate:modelValue._cache.<computed>._cache.<computed>
FNDA:0,onUpdate:modelValue._cache.<computed>._cache.<computed>
FNDA:0,onUpdate:modelValue._cache.<computed>._cache.<computed>
FNDA:0,onUpdate:modelValue._cache.<computed>._cache.<computed>
DA:3,1
DA:4,1
DA:5,1
DA:6,1
DA:7,1
DA:9,1
DA:10,1
DA:11,1
DA:12,1
DA:13,1
DA:15,1
DA:16,1
DA:17,1
DA:19,1
DA:20,1
DA:22,1
DA:24,1
DA:25,1
DA:26,1
DA:27,1
DA:28,1
DA:29,1
DA:30,1
DA:32,1
DA:33,1
DA:34,1
DA:35,1
DA:36,1
DA:38,1
DA:39,1
DA:40,1
DA:41,1
DA:42,1
DA:44,1
DA:46,1
DA:47,1
DA:48,1
DA:49,1
DA:50,1
DA:51,1
DA:52,1
DA:53,1
DA:55,1
DA:56,1
DA:57,1
DA:58,1
DA:59,1
DA:60,1
DA:62,1
DA:63,1
DA:64,1
DA:65,1
DA:67,1
DA:69,1
DA:71,1
DA:72,1
DA:73,1
DA:74,1
DA:77,1
DA:78,1
DA:79,1
DA:80,1
DA:81,1
DA:82,1
DA:83,1
DA:84,1
DA:85,1
DA:86,1
DA:87,1
DA:88,1
DA:89,1
DA:90,1
DA:91,1
DA:92,1
DA:93,1
DA:94,1
DA:95,1
DA:96,1
DA:97,1
DA:98,1
DA:99,1
DA:100,1
DA:101,1
DA:102,1
DA:103,1
DA:104,1
DA:105,1
DA:106,1
DA:107,1
DA:108,1
DA:109,0
DA:110,0
DA:111,0
DA:112,0
DA:113,0
DA:114,1
DA:115,1
DA:116,1
DA:117,1
DA:118,1
DA:119,1
DA:120,1
DA:121,1
DA:122,1
DA:123,1
DA:124,1
DA:125,1
DA:126,1
DA:127,1
DA:128,1
DA:129,1
DA:130,1
DA:131,1
DA:132,1
DA:133,1
DA:134,1
DA:135,1
DA:136,1
DA:137,1
DA:138,0
DA:139,1
DA:140,0
DA:141,1
DA:142,0
DA:143,1
DA:144,0
DA:145,1
DA:146,0
DA:147,1
DA:148,1
DA:149,1
DA:150,1
DA:151,1
DA:152,1
DA:153,1
DA:154,0
DA:155,0
DA:156,0
DA:157,0
DA:158,0
DA:159,0
DA:160,0
DA:161,0
DA:162,1
DA:163,1
DA:164,1
DA:165,1
DA:166,1
DA:167,1
DA:168,1
DA:169,1
DA:170,0
DA:171,0
DA:172,1
DA:173,0
DA:174,0
DA:175,0
DA:176,1
DA:177,1
DA:178,1
DA:179,1
DA:180,1
DA:181,1
DA:182,1
DA:183,1
DA:184,1
DA:185,1
DA:186,1
DA:187,1
DA:188,1
DA:189,1
DA:190,1
DA:191,1
DA:192,1
DA:193,1
DA:194,1
DA:195,1
DA:196,1
DA:197,1
DA:198,1
DA:199,0
DA:200,0
DA:201,0
DA:202,1
DA:203,1
DA:204,0
DA:205,0
DA:206,0
DA:207,0
DA:208,0
DA:209,0
DA:210,0
DA:211,0
DA:212,0
DA:213,0
DA:214,0
DA:215,0
DA:216,0
DA:217,0
DA:218,0
DA:219,0
DA:220,1
DA:221,0
DA:222,0
DA:223,0
DA:224,1
LF:206
LH:161
BRDA:115,0,0,1
BRDA:122,1,0,1
BRDA:124,2,0,0
BRDA:125,3,0,0
BRDA:126,4,0,0
BRDA:127,5,0,0
BRDA:128,6,0,0
BRDA:132,7,0,1
BRDA:137,8,0,0
BRDA:139,9,0,0
BRDA:141,10,0,0
BRDA:143,11,0,0
BRDA:145,12,0,0
BRDA:150,13,0,1
BRDA:153,14,0,0
BRDA:164,15,0,1
BRDA:169,16,0,0
BRDA:172,17,0,0
BRDA:198,18,0,0
BRDA:204,19,0,0
BRDA:220,20,0,0
BRDA:165,21,0,6
BRDA:17,22,0,1
BRDA:20,23,0,1
BRDA:29,24,0,1
BRDA:33,25,0,1
BRDA:34,26,0,1
BRDA:35,27,0,1
BRDA:36,28,0,1
BRDA:39,29,0,1
BRDA:44,30,0,1
BRDA:68,31,0,1
BRDA:33,32,0,1
BRDA:34,33,0,1
BRDA:35,34,0,1
BRF:35
BRH:19
end_of_record
TN:
SF:src\views\Verifikasioke\OtpVerification.vue
FN:84,setup
FN:97,onOtpInput
FN:103,onOtpBackspace
FN:109,focusNextInput
FN:131,handleOtpVerification
FN:159,resendOtp
FN:33,onUpdate:modelValue
FN:39,onInput
FN:69,onClick._cache.<computed>._cache.<computed>
FNF:9
FNH:6
FNDA:3,setup
FNDA:13,onOtpInput
FNDA:0,onOtpBackspace
FNDA:11,focusNextInput
FNDA:2,handleOtpVerification
FNDA:0,resendOtp
FNDA:13,onUpdate:modelValue
FNDA:13,onInput
FNDA:0,onClick._cache.<computed>._cache.<computed>
DA:2,1
DA:3,1
DA:4,1
DA:6,1
DA:7,1
DA:8,1
DA:10,1
DA:12,3
DA:14,1
DA:15,1
DA:16,1
DA:17,1
DA:18,1
DA:19,1
DA:21,1
DA:23,3
DA:24,1
DA:25,1
DA:27,1
DA:28,1
DA:29,1
DA:30,1
DA:31,1
DA:32,1
DA:33,1
DA:34,1
DA:35,1
DA:36,1
DA:37,1
DA:38,1
DA:39,1
DA:40,1
DA:41,1
DA:42,1
DA:44,1
DA:45,1
DA:47,1
DA:48,1
DA:49,1
DA:50,1
DA:51,1
DA:52,1
DA:53,1
DA:55,1
DA:56,1
DA:57,1
DA:58,1
DA:59,1
DA:60,1
DA:62,1
DA:63,1
DA:64,1
DA:65,1
DA:67,1
DA:69,1
DA:71,1
DA:72,1
DA:73,1
DA:74,1
DA:78,1
DA:79,1
DA:80,1
DA:82,1
DA:83,1
DA:84,1
DA:85,3
DA:86,3
DA:88,3
DA:89,3
DA:90,3
DA:91,3
DA:92,3
DA:93,3
DA:95,3
DA:97,3
DA:98,13
DA:99,13
DA:100,13
DA:101,3
DA:103,3
DA:104,0
DA:105,0
DA:106,0
DA:107,3
DA:109,3
DA:110,11
DA:111,11
DA:112,3
DA:114,3
DA:115,3
DA:116,3
DA:117,3
DA:118,3
DA:119,3
DA:120,3
DA:121,0
DA:123,0
DA:124,0
DA:125,0
DA:126,0
DA:127,0
DA:128,0
DA:129,3
DA:131,3
DA:132,2
DA:133,2
DA:134,2
DA:136,2
DA:137,1
DA:138,1
DA:139,1
DA:140,1
DA:142,1
DA:143,1
DA:144,1
DA:145,1
DA:146,1
DA:147,1
DA:148,2
DA:149,0
DA:150,0
DA:151,2
DA:152,0
DA:153,0
DA:154,2
DA:155,1
DA:156,1
DA:157,3
DA:159,3
DA:160,0
DA:161,0
DA:162,0
DA:163,0
DA:164,0
DA:166,0
DA:167,0
DA:168,0
DA:170,0
DA:171,0
DA:172,0
DA:173,0
DA:174,0
DA:175,0
DA:176,0
DA:177,0
DA:178,0
DA:179,0
DA:180,0
DA:181,0
DA:182,0
DA:183,3
DA:185,3
DA:186,3
DA:187,3
DA:188,3
DA:189,3
DA:190,3
DA:191,3
DA:192,3
DA:193,3
DA:194,3
DA:195,3
DA:196,3
DA:197,1
DA:198,1
LF:165
LH:130
BRDA:84,0,0,3
BRDA:95,1,0,2
BRDA:97,2,0,13
BRDA:99,3,0,0
BRDA:100,4,0,11
BRDA:109,5,0,11
BRDA:111,6,0,0
BRDA:114,7,0,3
BRDA:120,8,0,0
BRDA:131,9,0,2
BRDA:136,10,0,1
BRDA:148,11,0,0
BRDA:151,12,0,0
BRDA:154,13,0,1
BRDA:10,14,0,3
BRDA:15,15,0,3
BRDA:22,16,0,1
BRDA:23,17,0,3
BRDA:24,18,0,0
BRDA:27,19,0,3
BRDA:55,20,0,13
BRDA:68,21,0,1
BRDA:69,22,0,3
BRDA:27,23,0,2
BRDA:33,24,0,13
BRDA:39,25,0,13
BRF:26
BRH:20
end_of_record
