TN:
SF:src\App.vue
FNF:0
FNH:0
DA:2,1
DA:3,1
DA:4,1
DA:8,1
DA:9,1
DA:10,1
LF:6
LH:6
BRF:0
BRH:0
end_of_record
TN:
SF:src\main.js
FNF:0
FNH:0
DA:1,1
DA:2,1
DA:3,1
DA:4,1
DA:5,1
DA:6,1
DA:7,1
DA:8,1
DA:9,1
DA:10,1
DA:11,1
DA:12,1
DA:13,1
DA:14,1
LF:14
LH:14
BRF:0
BRH:0
end_of_record
TN:
SF:src\components\AlertMessage.vue
FN:54,setup
FN:85,closeAlert
FN:90,immediate
FN:21,onClick._cache.<computed>._cache.<computed>
FNF:4
FNH:2
FNDA:1,setup
FNDA:0,closeAlert
FNDA:1,immediate
FNDA:0,onClick._cache.<computed>._cache.<computed>
DA:2,1
DA:3,1
DA:4,1
DA:5,1
DA:6,1
DA:7,1
DA:9,1
DA:10,1
DA:11,1
DA:12,1
DA:13,1
DA:14,1
DA:15,1
DA:16,1
DA:17,1
DA:18,1
DA:19,1
DA:20,1
DA:21,1
DA:22,1
DA:23,1
DA:24,1
DA:25,1
DA:26,1
DA:27,1
DA:28,1
DA:32,1
DA:34,1
DA:35,1
DA:36,1
DA:37,1
DA:38,1
DA:39,1
DA:40,1
DA:41,1
DA:42,1
DA:43,1
DA:44,1
DA:45,1
DA:46,1
DA:47,1
DA:48,1
DA:49,1
DA:50,1
DA:51,1
DA:52,1
DA:53,1
DA:54,1
DA:55,1
DA:57,1
DA:58,0
DA:59,0
DA:60,0
DA:61,0
DA:62,0
DA:63,0
DA:64,0
DA:65,0
DA:66,0
DA:67,0
DA:68,1
DA:70,1
DA:71,0
DA:72,0
DA:73,0
DA:74,0
DA:75,0
DA:76,0
DA:77,0
DA:78,0
DA:79,0
DA:80,0
DA:81,1
DA:83,1
DA:85,1
DA:86,0
DA:87,0
DA:88,1
DA:90,1
DA:91,1
DA:93,0
DA:95,0
DA:96,0
DA:97,0
DA:98,1
DA:99,1
DA:100,1
DA:101,1
DA:103,1
DA:104,1
DA:105,1
DA:106,1
DA:107,1
DA:108,1
DA:109,1
DA:110,1
LF:96
LH:70
BRDA:54,0,0,1
BRDA:90,1,0,1
BRDA:90,2,0,1
BRDA:91,3,0,0
BRDA:91,4,0,0
BRF:5
BRH:3
end_of_record
TN:
SF:src\components\ApiDataComponent.vue
FN:17,data
FN:24,created
FN:28,fetchData
FNF:3
FNH:3
FNDA:1,data
FNDA:1,created
FNDA:1,fetchData
DA:2,1
DA:3,1
DA:4,1
DA:5,1
DA:6,1
DA:7,1
DA:8,1
DA:9,1
DA:13,1
DA:15,1
DA:16,1
DA:17,1
DA:18,1
DA:19,1
DA:20,1
DA:21,1
DA:22,1
DA:23,1
DA:24,1
DA:25,1
DA:26,1
DA:27,1
DA:28,1
DA:29,1
DA:30,1
DA:31,1
DA:33,1
DA:35,1
DA:37,0
DA:38,1
DA:39,1
DA:40,1
DA:41,1
DA:42,1
DA:43,1
DA:44,1
DA:45,1
LF:37
LH:36
BRDA:17,0,0,1
BRDA:24,1,0,1
BRDA:28,2,0,1
BRDA:35,3,0,0
BRDA:3,4,0,1
BRDA:4,5,0,1
BRDA:5,6,0,1
BRF:7
BRH:6
end_of_record
TN:
SF:src\components\BaseInput.vue
FN:92,setup
FN:100,togglePasswordVisibility
FN:14,onInput._cache.<computed>._cache.<computed>
FN:19,onClick._cache.<computed>._cache.<computed>
FNF:4
FNH:2
FNDA:9,setup
FNDA:0,togglePasswordVisibility
FNDA:4,onInput._cache.<computed>._cache.<computed>
FNDA:0,onClick._cache.<computed>._cache.<computed>
DA:2,1
DA:3,1
DA:4,12
DA:5,1
DA:6,1
DA:7,1
DA:8,1
DA:9,1
DA:10,1
DA:11,1
DA:12,1
DA:13,1
DA:14,1
DA:15,1
DA:16,1
DA:17,1
DA:18,1
DA:19,1
DA:20,1
DA:21,1
DA:22,1
DA:23,1
DA:24,1
DA:25,1
DA:26,1
DA:27,1
DA:28,1
DA:29,1
DA:30,1
DA:31,0
DA:32,1
DA:33,1
DA:37,1
DA:39,1
DA:40,1
DA:41,1
DA:42,1
DA:43,1
DA:44,1
DA:45,1
DA:46,1
DA:47,1
DA:48,1
DA:49,1
DA:50,1
DA:51,1
DA:52,1
DA:53,1
DA:54,1
DA:55,1
DA:56,1
DA:57,1
DA:58,1
DA:59,1
DA:60,1
DA:61,1
DA:62,1
DA:63,1
DA:64,1
DA:65,1
DA:66,1
DA:67,1
DA:68,1
DA:69,1
DA:70,1
DA:71,1
DA:72,1
DA:73,1
DA:74,1
DA:75,1
DA:76,1
DA:77,1
DA:78,1
DA:79,1
DA:80,1
DA:81,1
DA:82,1
DA:83,1
DA:84,1
DA:85,1
DA:86,1
DA:87,1
DA:88,1
DA:89,1
DA:90,1
DA:91,1
DA:92,1
DA:94,9
DA:96,9
DA:97,9
DA:98,9
DA:100,9
DA:101,0
DA:102,9
DA:104,9
DA:105,9
DA:106,9
DA:107,9
DA:108,9
DA:109,1
DA:110,1
LF:101
LH:99
BRDA:92,0,0,9
BRDA:96,1,0,9
BRDA:97,2,0,4
BRDA:97,3,0,5
BRDA:3,4,0,12
BRDA:14,5,0,9
BRDA:19,6,0,4
BRDA:30,7,0,0
BRDA:14,8,0,4
BRF:9
BRH:8
end_of_record
TN:
SF:src\components\HelloWorld.vue
FNF:0
FNH:0
DA:2,1
DA:3,1
DA:30,1
DA:34,1
DA:35,1
DA:36,1
DA:37,1
DA:38,1
DA:39,1
LF:9
LH:9
BRF:0
BRH:0
end_of_record
TN:
SF:src\router\index.js
FNF:0
FNH:0
DA:1,1
DA:2,1
DA:3,1
DA:4,1
DA:5,1
DA:6,1
DA:7,1
DA:8,1
DA:9,1
DA:10,1
DA:11,1
DA:12,1
DA:13,1
DA:14,1
DA:15,1
DA:16,1
DA:17,1
DA:18,1
DA:19,1
DA:20,1
DA:21,1
DA:22,1
DA:23,1
DA:24,1
DA:25,1
DA:26,1
DA:27,1
LF:27
LH:27
BRF:0
BRH:0
end_of_record
TN:
SF:src\stores\auth.js
FN:28,login
FN:77,sendOtpFirebase
FN:86,expired-callback
FN:121,verifyOtpAndLoginWithFirebase
FN:169,getProfile
FN:211,register
FN:254,logout
FN:275,checkAuth
FNF:8
FNH:5
FNDA:4,login
FNDA:5,sendOtpFirebase
FNDA:0,expired-callback
FNDA:4,verifyOtpAndLoginWithFirebase
FNDA:0,getProfile
FNDA:3,register
FNDA:0,logout
FNDA:2,checkAuth
DA:1,1
DA:2,1
DA:3,1
DA:4,1
DA:5,1
DA:6,1
DA:7,17
DA:8,17
DA:9,17
DA:10,17
DA:11,17
DA:12,17
DA:13,17
DA:14,17
DA:15,17
DA:16,17
DA:17,17
DA:18,17
DA:19,17
DA:20,17
DA:21,17
DA:22,17
DA:23,17
DA:24,17
DA:25,17
DA:26,17
DA:27,17
DA:28,17
DA:29,4
DA:30,4
DA:31,4
DA:32,4
DA:33,4
DA:34,4
DA:35,4
DA:36,4
DA:37,4
DA:38,4
DA:39,4
DA:40,4
DA:41,3
DA:42,3
DA:43,3
DA:44,4
DA:45,2
DA:46,1
DA:47,1
DA:48,1
DA:49,1
DA:50,1
DA:51,1
DA:52,1
DA:53,1
DA:54,1
DA:55,1
DA:56,1
DA:57,1
DA:58,1
DA:59,1
DA:60,1
DA:61,1
DA:62,1
DA:63,1
DA:64,0
DA:65,0
DA:66,4
DA:67,1
DA:68,1
DA:69,4
DA:70,1
DA:71,1
DA:72,4
DA:73,4
DA:74,4
DA:75,17
DA:76,17
DA:77,17
DA:78,5
DA:79,5
DA:80,1
DA:81,1
DA:82,1
DA:83,4
DA:84,4
DA:85,4
DA:86,4
DA:87,4
DA:88,4
DA:89,4
DA:90,4
DA:91,3
DA:92,5
DA:93,1
DA:94,1
DA:95,1
DA:96,1
DA:97,1
DA:98,1
DA:99,1
DA:100,0
DA:101,0
DA:102,1
DA:103,0
DA:104,0
DA:105,1
DA:106,0
DA:107,0
DA:108,1
DA:109,0
DA:110,0
DA:111,1
DA:112,0
DA:113,0
DA:114,1
DA:115,1
DA:116,5
DA:117,4
DA:118,4
DA:119,17
DA:120,17
DA:121,17
DA:122,4
DA:123,4
DA:124,1
DA:125,1
DA:126,1
DA:127,3
DA:128,3
DA:129,2
DA:130,2
DA:131,2
DA:132,2
DA:133,2
DA:134,2
DA:135,2
DA:136,2
DA:137,2
DA:138,2
DA:139,2
DA:140,2
DA:141,4
DA:142,1
DA:143,1
DA:144,1
DA:145,1
DA:146,1
DA:147,1
DA:148,1
DA:149,1
DA:150,1
DA:151,1
DA:152,4
DA:153,1
DA:154,1
DA:155,1
DA:156,1
DA:157,0
DA:158,1
DA:159,0
DA:160,1
DA:161,0
DA:162,0
DA:163,1
DA:164,4
DA:165,3
DA:166,3
DA:167,17
DA:168,17
DA:169,17
DA:170,0
DA:171,0
DA:172,0
DA:173,0
DA:174,0
DA:175,0
DA:176,0
DA:177,0
DA:178,0
DA:179,0
DA:180,0
DA:181,0
DA:182,0
DA:183,0
DA:184,0
DA:185,0
DA:186,0
DA:187,0
DA:188,0
DA:189,0
DA:190,0
DA:191,0
DA:192,0
DA:193,0
DA:194,0
DA:195,0
DA:196,0
DA:197,0
DA:198,0
DA:199,0
DA:200,0
DA:201,0
DA:202,0
DA:203,0
DA:204,0
DA:205,0
DA:206,0
DA:207,0
DA:208,0
DA:209,17
DA:210,17
DA:211,17
DA:212,3
DA:213,3
DA:214,3
DA:215,3
DA:216,3
DA:217,3
DA:218,3
DA:219,3
DA:220,3
DA:221,3
DA:222,3
DA:223,3
DA:224,3
DA:225,3
DA:226,3
DA:227,2
DA:228,2
DA:229,2
DA:230,3
DA:231,1
DA:232,1
DA:233,1
DA:234,1
DA:235,1
DA:236,1
DA:237,1
DA:238,1
DA:239,1
DA:240,1
DA:241,3
DA:242,1
DA:243,1
DA:244,1
DA:245,1
DA:246,1
DA:247,1
DA:248,3
DA:249,3
DA:250,3
DA:251,17
DA:252,17
DA:253,17
DA:254,17
DA:255,0
DA:256,0
DA:257,0
DA:258,0
DA:259,0
DA:260,0
DA:261,0
DA:262,0
DA:263,0
DA:264,0
DA:265,0
DA:266,0
DA:267,0
DA:268,0
DA:269,0
DA:270,0
DA:271,0
DA:272,0
DA:273,17
DA:274,17
DA:275,17
DA:276,2
DA:277,2
DA:278,1
DA:279,1
DA:280,1
DA:281,1
DA:282,1
DA:283,17
DA:284,17
DA:285,17
DA:286,17
DA:287,17
DA:288,17
DA:289,17
DA:290,17
DA:291,17
DA:292,17
DA:293,17
DA:294,17
DA:295,17
DA:296,17
DA:297,17
DA:298,17
DA:299,1
LF:299
LH:226
BRDA:6,0,0,17
BRDA:28,1,0,4
BRDA:41,2,0,3
BRDA:44,3,0,2
BRDA:45,4,0,1
BRDA:55,5,0,0
BRDA:63,6,0,0
BRDA:66,7,0,1
BRDA:67,8,0,0
BRDA:69,9,0,1
BRDA:72,10,0,0
BRDA:77,11,0,5
BRDA:79,12,0,1
BRDA:82,13,0,4
BRDA:91,14,0,3
BRDA:92,15,0,1
BRDA:97,16,0,0
BRDA:99,17,0,0
BRDA:102,18,0,0
BRDA:105,19,0,0
BRDA:108,20,0,0
BRDA:111,21,0,0
BRDA:116,22,0,0
BRDA:116,23,0,4
BRDA:121,24,0,4
BRDA:123,25,0,1
BRDA:126,26,0,3
BRDA:129,27,0,2
BRDA:141,28,0,1
BRDA:141,29,0,1
BRDA:143,30,0,0
BRDA:150,31,0,0
BRDA:152,32,0,1
BRDA:155,33,0,0
BRDA:156,34,0,0
BRDA:158,35,0,0
BRDA:160,36,0,0
BRDA:164,37,0,0
BRDA:164,38,0,3
BRDA:211,39,0,3
BRDA:227,40,0,2
BRDA:230,41,0,1
BRDA:233,42,0,0
BRDA:238,43,0,0
BRDA:241,44,0,1
BRDA:248,45,0,0
BRDA:275,46,0,2
BRDA:277,47,0,1
BRF:48
BRH:27
end_of_record
TN:
SF:src\views\Dashboard\index.vue
FN:121,setup
FN:125,handleLogout
FN:12,onClick._cache.<computed>._cache.<computed>
FNF:3
FNH:1
FNDA:2,setup
FNDA:0,handleLogout
FNDA:0,onClick._cache.<computed>._cache.<computed>
DA:2,1
DA:3,1
DA:4,1
DA:5,1
DA:6,1
DA:7,1
DA:8,1
DA:9,1
DA:10,1
DA:11,1
DA:12,1
DA:14,1
DA:15,1
DA:16,1
DA:18,1
DA:19,1
DA:20,1
DA:22,1
DA:23,1
DA:24,1
DA:25,1
DA:27,1
DA:97,1
DA:98,1
DA:102,1
DA:103,1
DA:104,1
DA:105,1
DA:108,1
DA:109,1
DA:110,1
DA:111,1
DA:112,1
DA:113,1
DA:114,1
DA:115,1
DA:116,1
DA:117,1
DA:119,1
DA:120,1
DA:121,1
DA:122,2
DA:123,2
DA:125,2
DA:126,0
DA:127,0
DA:128,2
DA:130,2
DA:131,2
DA:133,2
DA:134,2
DA:135,2
DA:136,2
DA:138,0
DA:139,0
DA:140,0
DA:141,0
DA:142,2
DA:144,2
DA:145,2
DA:146,2
DA:147,2
DA:148,2
DA:149,1
LF:64
LH:58
BRDA:121,0,0,2
BRDA:130,1,0,2
BRDA:136,2,0,0
BRDA:20,3,0,0
BRF:4
BRH:2
end_of_record
TN:
SF:src\views\ForgotPassword\index.vue
FN:62,setup
FN:71,handleResetPassword
FN:22,onUpdate:modelValue._cache.<computed>._cache.<computed>
FNF:3
FNH:3
FNDA:7,setup
FNDA:4,handleResetPassword
FNDA:5,onUpdate:modelValue._cache.<computed>._cache.<computed>
DA:2,1
DA:3,1
DA:5,1
DA:7,7
DA:8,1
DA:10,7
DA:12,1
DA:13,1
DA:14,1
DA:16,1
DA:17,1
DA:18,1
DA:19,1
DA:20,1
DA:21,1
DA:22,1
DA:23,1
DA:24,1
DA:25,1
DA:26,1
DA:27,1
DA:29,1
DA:30,1
DA:31,1
DA:32,1
DA:34,1
DA:35,1
DA:36,1
DA:37,1
DA:38,1
DA:40,1
DA:41,1
DA:42,1
DA:43,1
DA:45,1
DA:47,1
DA:49,1
DA:50,1
DA:51,1
DA:52,1
DA:56,1
DA:57,1
DA:58,1
DA:60,1
DA:61,1
DA:62,1
DA:63,7
DA:64,7
DA:66,7
DA:67,7
DA:68,7
DA:69,7
DA:71,7
DA:72,4
DA:73,4
DA:74,4
DA:76,4
DA:77,4
DA:78,4
DA:80,4
DA:81,1
DA:82,1
DA:83,1
DA:84,1
DA:85,1
DA:86,1
DA:87,1
DA:88,1
DA:89,1
DA:90,1
DA:91,4
DA:92,1
DA:93,1
DA:94,1
DA:95,4
DA:96,7
DA:98,7
DA:99,7
DA:100,7
DA:101,7
DA:102,7
DA:103,7
DA:104,7
DA:105,1
LF:84
LH:84
BRDA:62,0,0,7
BRDA:71,1,0,4
BRDA:78,2,0,2
BRDA:80,3,0,1
BRDA:91,4,0,1
BRDA:5,5,0,7
BRDA:8,6,0,7
BRDA:13,7,0,6
BRDA:16,8,0,7
BRDA:18,9,0,7
BRDA:22,10,0,7
BRDA:34,11,0,29
BRDA:46,12,0,1
BRDA:16,13,0,4
BRDA:22,14,0,5
BRF:15
BRH:15
end_of_record
TN:
SF:src\views\Login\LoginPage.vue
FN:114,setup
FN:123,handleLogin
FN:39,onUpdate:modelValue._cache.<computed>._cache.<computed>
FN:49,onUpdate:modelValue._cache.<computed>._cache.<computed>
FNF:4
FNH:4
FNDA:4,setup
FNDA:1,handleLogin
FNDA:2,onUpdate:modelValue._cache.<computed>._cache.<computed>
FNDA:2,onUpdate:modelValue._cache.<computed>._cache.<computed>
DA:2,1
DA:3,1
DA:4,1
DA:5,1
DA:6,1
DA:7,1
DA:10,1
DA:11,1
DA:12,1
DA:13,1
DA:14,1
DA:15,1
DA:17,1
DA:18,1
DA:20,1
DA:21,1
DA:22,1
DA:24,1
DA:26,4
DA:28,1
DA:29,1
DA:30,1
DA:32,1
DA:33,1
DA:34,1
DA:35,1
DA:36,1
DA:37,1
DA:38,1
DA:39,1
DA:40,1
DA:41,1
DA:43,1
DA:44,1
DA:45,1
DA:46,1
DA:47,1
DA:48,1
DA:49,1
DA:50,1
DA:51,1
DA:52,1
DA:54,1
DA:55,1
DA:56,1
DA:57,1
DA:58,1
DA:59,1
DA:60,1
DA:61,1
DA:62,1
DA:64,1
DA:65,1
DA:66,1
DA:67,1
DA:69,1
DA:70,1
DA:71,1
DA:73,1
DA:74,1
DA:75,1
DA:76,1
DA:77,1
DA:78,1
DA:79,1
DA:81,1
DA:82,1
DA:83,1
DA:84,1
DA:85,1
DA:86,1
DA:88,1
DA:89,1
DA:90,1
DA:91,1
DA:93,1
DA:95,1
DA:97,1
DA:98,1
DA:99,1
DA:100,1
DA:104,1
DA:105,1
DA:106,1
DA:107,1
DA:109,1
DA:110,1
DA:111,1
DA:112,1
DA:113,1
DA:114,1
DA:115,4
DA:116,4
DA:118,4
DA:119,4
DA:120,4
DA:121,4
DA:123,4
DA:124,1
DA:125,1
DA:127,1
DA:128,0
DA:129,0
DA:130,0
DA:131,0
DA:132,1
DA:133,1
DA:134,0
DA:135,0
DA:136,0
DA:137,0
DA:139,1
DA:140,0
DA:141,0
DA:142,0
DA:143,0
DA:144,1
DA:145,0
DA:146,0
DA:147,0
DA:148,0
DA:149,1
DA:150,1
DA:151,1
DA:152,1
DA:153,1
DA:154,1
DA:156,0
DA:157,0
DA:158,0
DA:159,0
DA:160,0
DA:162,0
DA:163,0
DA:164,0
DA:165,0
DA:166,0
DA:167,0
DA:168,0
DA:169,0
DA:170,0
DA:171,1
DA:172,0
DA:173,0
DA:174,0
DA:175,0
DA:176,0
DA:177,4
DA:180,4
DA:181,4
DA:182,4
DA:183,4
DA:184,4
DA:185,4
DA:186,4
DA:187,4
DA:188,1
LF:157
LH:122
BRDA:114,0,0,4
BRDA:123,1,0,1
BRDA:127,2,0,0
BRDA:133,3,0,0
BRDA:139,4,0,0
BRDA:144,5,0,0
BRDA:154,6,0,0
BRDA:171,7,0,0
BRDA:24,8,0,4
BRDA:32,9,0,4
BRDA:39,10,0,4
BRDA:49,11,0,4
BRDA:94,12,0,1
BRDA:32,13,0,1
BRDA:39,14,0,2
BRDA:49,15,0,2
BRF:16
BRH:10
end_of_record
TN:
SF:src\views\Register\index.vue
FNF:0
FNH:0
DA:3,1
DA:4,1
DA:5,1
DA:6,1
DA:7,1
DA:9,1
DA:10,1
DA:11,1
DA:12,1
DA:13,1
DA:15,1
DA:16,1
DA:17,1
DA:19,1
DA:20,1
DA:22,1
DA:24,1
DA:25,1
DA:26,1
DA:27,1
DA:28,1
DA:29,1
DA:30,1
DA:32,1
DA:33,1
DA:34,1
DA:35,1
DA:36,1
DA:38,1
DA:39,1
DA:40,1
DA:41,1
DA:42,1
DA:44,1
DA:46,1
DA:47,1
DA:48,1
DA:49,1
DA:50,1
DA:51,1
DA:52,1
DA:53,1
DA:55,1
DA:56,1
DA:57,1
DA:58,1
DA:59,1
DA:60,1
DA:62,1
DA:63,1
DA:64,1
DA:65,1
DA:67,1
DA:69,1
DA:71,1
DA:72,1
DA:73,1
DA:74,1
DA:77,1
DA:78,1
DA:79,1
DA:80,1
DA:81,1
DA:82,1
DA:83,1
DA:84,1
DA:85,1
DA:86,1
DA:87,1
DA:88,1
DA:89,1
DA:90,1
DA:91,1
DA:92,1
DA:93,1
DA:94,1
DA:95,1
DA:96,1
DA:97,1
DA:98,1
DA:99,1
DA:100,1
DA:101,1
DA:102,1
DA:103,1
DA:104,1
DA:105,1
DA:106,1
DA:107,1
DA:108,1
DA:109,1
DA:110,1
DA:111,1
DA:112,1
DA:113,1
DA:114,1
DA:115,1
DA:116,1
DA:117,1
DA:118,1
DA:119,1
DA:120,1
DA:121,1
DA:122,1
DA:123,1
DA:124,1
DA:125,1
DA:126,1
DA:127,1
DA:128,1
DA:129,1
DA:130,1
DA:131,1
DA:132,1
DA:133,1
DA:134,1
DA:135,1
DA:136,1
DA:137,1
DA:138,1
DA:139,1
DA:140,1
DA:141,1
DA:142,1
DA:143,1
DA:144,1
DA:145,1
DA:146,1
DA:147,1
DA:148,1
DA:149,1
DA:150,1
DA:151,1
DA:152,1
DA:153,1
DA:154,1
DA:155,1
DA:156,1
DA:157,1
DA:158,1
DA:159,1
DA:160,1
DA:161,1
DA:162,1
DA:163,1
DA:164,1
DA:165,1
DA:166,1
DA:167,1
DA:168,1
DA:169,1
DA:170,1
DA:171,1
DA:172,1
DA:173,1
DA:174,1
DA:175,1
DA:176,1
DA:177,1
DA:178,1
DA:179,1
DA:180,1
DA:181,1
DA:182,1
DA:183,1
DA:184,1
DA:185,1
DA:186,1
DA:187,1
DA:188,1
DA:189,1
DA:190,1
DA:191,1
DA:192,1
DA:193,1
DA:194,1
DA:195,1
DA:196,1
DA:197,1
DA:198,1
DA:199,1
DA:200,1
DA:201,1
DA:202,1
DA:203,1
DA:204,1
DA:205,1
DA:206,1
DA:207,1
DA:208,1
DA:209,1
DA:210,1
DA:211,1
DA:212,1
DA:213,1
DA:214,1
DA:215,1
DA:216,1
DA:217,1
DA:218,1
DA:219,1
DA:220,1
DA:221,1
LF:203
LH:203
BRF:0
BRH:0
end_of_record
TN:
SF:src\views\Verifikasioke\OtpVerification.vue
FN:90,setup
FN:106,onOtpInput
FN:112,onOtpBackspace
FN:118,focusNextInput
FN:124,goBack
FN:128,initializeRecaptcha
FN:172,handleOtpVerification
FN:201,resendOtp
FN:7,onClick._cache.<computed>._cache.<computed>
FN:42,onUpdate:modelValue
FN:48,onInput
FN:75,onClick._cache.<computed>._cache.<computed>
FNF:12
FNH:10
FNDA:9,setup
FNDA:31,onOtpInput
FNDA:2,onOtpBackspace
FNDA:25,focusNextInput
FNDA:0,goBack
FNDA:10,initializeRecaptcha
FNDA:2,handleOtpVerification
FNDA:3,resendOtp
FNDA:0,onClick._cache.<computed>._cache.<computed>
FNDA:31,onUpdate:modelValue
FNDA:31,onInput
FNDA:3,onClick._cache.<computed>._cache.<computed>
DA:2,1
DA:3,1
DA:4,1
DA:6,1
DA:7,1
DA:8,1
DA:9,1
DA:10,1
DA:11,1
DA:12,1
DA:14,1
DA:15,1
DA:16,1
DA:18,1
DA:20,9
DA:22,1
DA:23,1
DA:24,1
DA:25,1
DA:26,1
DA:27,1
DA:29,1
DA:31,9
DA:32,1
DA:33,1
DA:35,1
DA:37,1
DA:38,1
DA:39,1
DA:40,1
DA:41,1
DA:42,1
DA:43,1
DA:44,1
DA:45,1
DA:46,1
DA:47,1
DA:48,1
DA:49,1
DA:50,1
DA:51,1
DA:53,1
DA:54,1
DA:55,1
DA:56,1
DA:57,1
DA:58,1
DA:59,1
DA:61,1
DA:62,1
DA:63,1
DA:64,1
DA:65,1
DA:66,1
DA:68,1
DA:69,1
DA:70,1
DA:71,1
DA:73,1
DA:75,1
DA:77,1
DA:78,1
DA:79,1
DA:80,1
DA:84,1
DA:85,1
DA:86,1
DA:88,1
DA:89,1
DA:90,1
DA:91,9
DA:92,9
DA:94,9
DA:95,9
DA:96,9
DA:97,9
DA:98,9
DA:99,9
DA:100,9
DA:101,9
DA:103,9
DA:104,9
DA:106,9
DA:107,31
DA:108,31
DA:109,31
DA:110,9
DA:112,9
DA:113,2
DA:114,0
DA:115,0
DA:116,9
DA:118,9
DA:119,25
DA:120,25
DA:121,25
DA:122,9
DA:124,9
DA:125,0
DA:126,9
DA:128,9
DA:129,10
DA:130,10
DA:131,10
DA:132,10
DA:134,10
DA:135,10
DA:136,0
DA:137,0
DA:139,10
DA:141,10
DA:143,9
DA:144,9
DA:145,9
DA:146,9
DA:147,9
DA:148,9
DA:149,9
DA:150,9
DA:151,9
DA:152,9
DA:153,10
DA:154,0
DA:155,0
DA:156,0
DA:157,0
DA:158,9
DA:160,9
DA:161,9
DA:162,9
DA:163,1
DA:164,1
DA:165,1
DA:166,1
DA:167,8
DA:169,8
DA:170,9
DA:172,9
DA:173,2
DA:174,2
DA:175,2
DA:177,2
DA:178,1
DA:179,1
DA:180,1
DA:181,1
DA:183,1
DA:184,1
DA:186,0
DA:187,0
DA:188,0
DA:189,0
DA:190,0
DA:191,0
DA:192,0
DA:193,0
DA:194,2
DA:195,0
DA:196,0
DA:197,0
DA:198,0
DA:199,9
DA:201,9
DA:202,3
DA:203,3
DA:204,1
DA:205,1
DA:206,1
DA:208,2
DA:209,2
DA:211,2
DA:213,2
DA:214,2
DA:215,9
DA:217,9
DA:218,9
DA:219,9
DA:220,9
DA:221,9
DA:222,9
DA:223,9
DA:224,9
DA:225,9
DA:226,9
DA:227,9
DA:228,9
DA:229,9
DA:230,9
DA:231,9
DA:232,9
DA:233,1
DA:234,1
LF:192
LH:171
BRDA:90,0,0,9
BRDA:103,1,0,2
BRDA:106,2,0,31
BRDA:108,3,0,0
BRDA:109,4,0,29
BRDA:109,5,0,25
BRDA:112,6,0,2
BRDA:113,7,0,0
BRDA:113,8,0,0
BRDA:113,9,0,0
BRDA:118,10,0,25
BRDA:128,11,0,10
BRDA:135,12,0,0
BRDA:141,13,0,9
BRDA:153,14,0,0
BRDA:160,15,0,9
BRDA:162,16,0,1
BRDA:166,17,0,8
BRDA:169,18,0,7
BRDA:172,19,0,2
BRDA:177,20,0,1
BRDA:184,21,0,0
BRDA:194,22,0,0
BRDA:201,23,0,3
BRDA:203,24,0,1
BRDA:206,25,0,2
BRDA:7,26,0,9
BRDA:18,27,0,9
BRDA:26,28,0,7
BRDA:30,29,0,1
BRDA:31,30,0,9
BRDA:32,31,0,41
BRDA:35,32,0,20
BRDA:37,33,0,7
BRDA:61,34,0,28
BRDA:74,35,0,1
BRDA:75,36,0,7
BRDA:75,37,0,29
BRDA:37,38,0,2
BRDA:42,39,0,31
BRDA:48,40,0,31
BRDA:49,41,0,2
BRDA:75,42,0,3
BRF:43
BRH:35
end_of_record
